
**** Build of configuration Debug for project Control ****

"C:\\ti\\ccsv7\\utils\\bin\\gmake" -k -j 8 all -O 
 
'Building file: "Y:/CE2007/CE2007Labs-Students-17072019/CE2007-Students/inc/IRDistance.c"'
'Invoking: MSP432 Compiler'
"C:/ti/ccsv7/tools/compiler/ti-cgt-arm_16.9.6.LTS/bin/armcl" -mv7M4 --code_state=16 --float_support=FPv4SPD16 -me --include_path="C:/ti/ccsv7/ccs_base/arm/include" --include_path="C:/ti/ccsv7/ccs_base/arm/include/CMSIS" --include_path="Y:/CE2007/CE2007Labs-Students-17072019/CE2007-Students/Control" --include_path="C:/ti/ccsv7/tools/compiler/ti-cgt-arm_16.9.6.LTS/include" --advice:power=all --define=__MSP432P401R__ --define=ccs -g --gcc --diag_warning=225 --diag_wrap=off --display_error_number --abi=eabi --preproc_with_compile --preproc_dependency="IRDistance.d_raw"  "Y:/CE2007/CE2007Labs-Students-17072019/CE2007-Students/inc/IRDistance.c"

>> Compilation failure
subdir_rules.mk:37: recipe for target 'IRDistance.obj' failed
"Y:/CE2007/CE2007Labs-Students-17072019/CE2007-Students/inc/IRDistance.c", line 68: error #29: expected an expression
"Y:/CE2007/CE2007Labs-Students-17072019/CE2007-Students/inc/IRDistance.c", line 69: warning #994-D: missing return statement at end of non-void function "LeftConvert"
"Y:/CE2007/CE2007Labs-Students-17072019/CE2007-Students/inc/IRDistance.c", line 63: warning #552-D: variable "length" was set but never used
1 error detected in the compilation of "Y:/CE2007/CE2007Labs-Students-17072019/CE2007-Students/inc/IRDistance.c".
gmake: *** [IRDistance.obj] Error 1
'Building file: "Y:/CE2007/CE2007Labs-Students-17072019/CE2007-Students/inc/CortexM.c"'
'Invoking: MSP432 Compiler'
"C:/ti/ccsv7/tools/compiler/ti-cgt-arm_16.9.6.LTS/bin/armcl" -mv7M4 --code_state=16 --float_support=FPv4SPD16 -me --include_path="C:/ti/ccsv7/ccs_base/arm/include" --include_path="C:/ti/ccsv7/ccs_base/arm/include/CMSIS" --include_path="Y:/CE2007/CE2007Labs-Students-17072019/CE2007-Students/Control" --include_path="C:/ti/ccsv7/tools/compiler/ti-cgt-arm_16.9.6.LTS/include" --advice:power=all --define=__MSP432P401R__ --define=ccs -g --gcc --diag_warning=225 --diag_wrap=off --display_error_number --abi=eabi --preproc_with_compile --preproc_dependency="CortexM.d_raw"  "Y:/CE2007/CE2007Labs-Students-17072019/CE2007-Students/inc/CortexM.c"
'Finished building: "Y:/CE2007/CE2007Labs-Students-17072019/CE2007-Students/inc/CortexM.c"'
 
'Building file: "Y:/CE2007/CE2007Labs-Students-17072019/CE2007-Students/inc/Bump.c"'
'Invoking: MSP432 Compiler'
"C:/ti/ccsv7/tools/compiler/ti-cgt-arm_16.9.6.LTS/bin/armcl" -mv7M4 --code_state=16 --float_support=FPv4SPD16 -me --include_path="C:/ti/ccsv7/ccs_base/arm/include" --include_path="C:/ti/ccsv7/ccs_base/arm/include/CMSIS" --include_path="Y:/CE2007/CE2007Labs-Students-17072019/CE2007-Students/Control" --include_path="C:/ti/ccsv7/tools/compiler/ti-cgt-arm_16.9.6.LTS/include" --advice:power=all --define=__MSP432P401R__ --define=ccs -g --gcc --diag_warning=225 --diag_wrap=off --display_error_number --abi=eabi --preproc_with_compile --preproc_dependency="Bump.d_raw"  "Y:/CE2007/CE2007Labs-Students-17072019/CE2007-Students/inc/Bump.c"
"Y:/CE2007/CE2007Labs-Students-17072019/CE2007-Students/inc/Bump.c", line 82: remark #2623-D: (ULP 5.4) Detected an assignment to a type with size less than int. To avoid unnecessary sign extension, use int-sized types for local varaibles and convert to smaller types for static storage.
"Y:/CE2007/CE2007Labs-Students-17072019/CE2007-Students/inc/Bump.c", line 83: remark #2623-D: (ULP 5.4) Detected an assignment to a type with size less than int. To avoid unnecessary sign extension, use int-sized types for local varaibles and convert to smaller types for static storage.
"Y:/CE2007/CE2007Labs-Students-17072019/CE2007-Students/inc/Bump.c", line 84: remark #2623-D: (ULP 5.4) Detected an assignment to a type with size less than int. To avoid unnecessary sign extension, use int-sized types for local varaibles and convert to smaller types for static storage.
"Y:/CE2007/CE2007Labs-Students-17072019/CE2007-Students/inc/Bump.c", line 85: remark #2623-D: (ULP 5.4) Detected an assignment to a type with size less than int. To avoid unnecessary sign extension, use int-sized types for local varaibles and convert to smaller types for static storage.
"Y:/CE2007/CE2007Labs-Students-17072019/CE2007-Students/inc/Bump.c", line 86: remark #2623-D: (ULP 5.4) Detected an assignment to a type with size less than int. To avoid unnecessary sign extension, use int-sized types for local varaibles and convert to smaller types for static storage.
"Y:/CE2007/CE2007Labs-Students-17072019/CE2007-Students/inc/Bump.c", line 87: remark #2623-D: (ULP 5.4) Detected an assignment to a type with size less than int. To avoid unnecessary sign extension, use int-sized types for local varaibles and convert to smaller types for static storage.
"Y:/CE2007/CE2007Labs-Students-17072019/CE2007-Students/inc/Bump.c", line 88: remark #2623-D: (ULP 5.4) Detected an assignment to a type with size less than int. To avoid unnecessary sign extension, use int-sized types for local varaibles and convert to smaller types for static storage.
'Finished building: "Y:/CE2007/CE2007Labs-Students-17072019/CE2007-Students/inc/Bump.c"'
 
'Building file: "Y:/CE2007/CE2007Labs-Students-17072019/CE2007-Students/inc/ADC14.c"'
'Invoking: MSP432 Compiler'
"C:/ti/ccsv7/tools/compiler/ti-cgt-arm_16.9.6.LTS/bin/armcl" -mv7M4 --code_state=16 --float_support=FPv4SPD16 -me --include_path="C:/ti/ccsv7/ccs_base/arm/include" --include_path="C:/ti/ccsv7/ccs_base/arm/include/CMSIS" --include_path="Y:/CE2007/CE2007Labs-Students-17072019/CE2007-Students/Control" --include_path="C:/ti/ccsv7/tools/compiler/ti-cgt-arm_16.9.6.LTS/include" --advice:power=all --define=__MSP432P401R__ --define=ccs -g --gcc --diag_warning=225 --diag_wrap=off --display_error_number --abi=eabi --preproc_with_compile --preproc_dependency="ADC14.d_raw"  "Y:/CE2007/CE2007Labs-Students-17072019/CE2007-Students/inc/ADC14.c"
"Y:/CE2007/CE2007Labs-Students-17072019/CE2007-Students/inc/ADC14.c", line 53: remark #1527-D: (ULP 2.1) Detected SW delay loop using empty loop. Recommend using a timer module instead
"Y:/CE2007/CE2007Labs-Students-17072019/CE2007-Students/inc/ADC14.c", line 100: remark #1527-D: (ULP 2.1) Detected SW delay loop using empty loop. Recommend using a timer module instead
"Y:/CE2007/CE2007Labs-Students-17072019/CE2007-Students/inc/ADC14.c", line 102: remark #1527-D: (ULP 2.1) Detected SW delay loop using empty loop. Recommend using a timer module instead
"Y:/CE2007/CE2007Labs-Students-17072019/CE2007-Students/inc/ADC14.c", line 111: remark #1527-D: (ULP 2.1) Detected SW delay loop using empty loop. Recommend using a timer module instead
"Y:/CE2007/CE2007Labs-Students-17072019/CE2007-Students/inc/ADC14.c", line 169: remark #1527-D: (ULP 2.1) Detected SW delay loop using empty loop. Recommend using a timer module instead
"Y:/CE2007/CE2007Labs-Students-17072019/CE2007-Students/inc/ADC14.c", line 172: remark #1527-D: (ULP 2.1) Detected SW delay loop using empty loop. Recommend using a timer module instead
"Y:/CE2007/CE2007Labs-Students-17072019/CE2007-Students/inc/ADC14.c", line 182: remark #1527-D: (ULP 2.1) Detected SW delay loop using empty loop. Recommend using a timer module instead
"Y:/CE2007/CE2007Labs-Students-17072019/CE2007-Students/inc/ADC14.c", line 231: remark #1527-D: (ULP 2.1) Detected SW delay loop using empty loop. Recommend using a timer module instead
"Y:/CE2007/CE2007Labs-Students-17072019/CE2007-Students/inc/ADC14.c", line 233: remark #1527-D: (ULP 2.1) Detected SW delay loop using empty loop. Recommend using a timer module instead
"Y:/CE2007/CE2007Labs-Students-17072019/CE2007-Students/inc/ADC14.c", line 244: remark #1527-D: (ULP 2.1) Detected SW delay loop using empty loop. Recommend using a timer module instead
"Y:/CE2007/CE2007Labs-Students-17072019/CE2007-Students/inc/ADC14.c", line 316: remark #1527-D: (ULP 2.1) Detected SW delay loop using empty loop. Recommend using a timer module instead
"Y:/CE2007/CE2007Labs-Students-17072019/CE2007-Students/inc/ADC14.c", line 319: remark #1527-D: (ULP 2.1) Detected SW delay loop using empty loop. Recommend using a timer module instead
'Finished building: "Y:/CE2007/CE2007Labs-Students-17072019/CE2007-Students/inc/ADC14.c"'
 
'Building file: "Y:/CE2007/CE2007Labs-Students-17072019/CE2007-Students/inc/Clock.c"'
'Invoking: MSP432 Compiler'
"C:/ti/ccsv7/tools/compiler/ti-cgt-arm_16.9.6.LTS/bin/armcl" -mv7M4 --code_state=16 --float_support=FPv4SPD16 -me --include_path="C:/ti/ccsv7/ccs_base/arm/include" --include_path="C:/ti/ccsv7/ccs_base/arm/include/CMSIS" --include_path="Y:/CE2007/CE2007Labs-Students-17072019/CE2007-Students/Control" --include_path="C:/ti/ccsv7/tools/compiler/ti-cgt-arm_16.9.6.LTS/include" --advice:power=all --define=__MSP432P401R__ --define=ccs -g --gcc --diag_warning=225 --diag_wrap=off --display_error_number --abi=eabi --preproc_with_compile --preproc_dependency="Clock.d_raw"  "Y:/CE2007/CE2007Labs-Students-17072019/CE2007-Students/inc/Clock.c"
'Finished building: "Y:/CE2007/CE2007Labs-Students-17072019/CE2007-Students/inc/Clock.c"'
 
'Building file: "Y:/CE2007/CE2007Labs-Students-17072019/CE2007-Students/inc/LPF.c"'
'Invoking: MSP432 Compiler'
"C:/ti/ccsv7/tools/compiler/ti-cgt-arm_16.9.6.LTS/bin/armcl" -mv7M4 --code_state=16 --float_support=FPv4SPD16 -me --include_path="C:/ti/ccsv7/ccs_base/arm/include" --include_path="C:/ti/ccsv7/ccs_base/arm/include/CMSIS" --include_path="Y:/CE2007/CE2007Labs-Students-17072019/CE2007-Students/Control" --include_path="C:/ti/ccsv7/tools/compiler/ti-cgt-arm_16.9.6.LTS/include" --advice:power=all --define=__MSP432P401R__ --define=ccs -g --gcc --diag_warning=225 --diag_wrap=off --display_error_number --abi=eabi --preproc_with_compile --preproc_dependency="LPF.d_raw"  "Y:/CE2007/CE2007Labs-Students-17072019/CE2007-Students/inc/LPF.c"
'Finished building: "Y:/CE2007/CE2007Labs-Students-17072019/CE2007-Students/inc/LPF.c"'
 
'Building file: "Y:/CE2007/CE2007Labs-Students-17072019/CE2007-Students/inc/LaunchPad.c"'
'Invoking: MSP432 Compiler'
"C:/ti/ccsv7/tools/compiler/ti-cgt-arm_16.9.6.LTS/bin/armcl" -mv7M4 --code_state=16 --float_support=FPv4SPD16 -me --include_path="C:/ti/ccsv7/ccs_base/arm/include" --include_path="C:/ti/ccsv7/ccs_base/arm/include/CMSIS" --include_path="Y:/CE2007/CE2007Labs-Students-17072019/CE2007-Students/Control" --include_path="C:/ti/ccsv7/tools/compiler/ti-cgt-arm_16.9.6.LTS/include" --advice:power=all --define=__MSP432P401R__ --define=ccs -g --gcc --diag_warning=225 --diag_wrap=off --display_error_number --abi=eabi --preproc_with_compile --preproc_dependency="LaunchPad.d_raw"  "Y:/CE2007/CE2007Labs-Students-17072019/CE2007-Students/inc/LaunchPad.c"
'Finished building: "Y:/CE2007/CE2007Labs-Students-17072019/CE2007-Students/inc/LaunchPad.c"'
 
'Building file: "../Lab17_Control.c"'
'Invoking: MSP432 Compiler'
"C:/ti/ccsv7/tools/compiler/ti-cgt-arm_16.9.6.LTS/bin/armcl" -mv7M4 --code_state=16 --float_support=FPv4SPD16 -me --include_path="C:/ti/ccsv7/ccs_base/arm/include" --include_path="C:/ti/ccsv7/ccs_base/arm/include/CMSIS" --include_path="Y:/CE2007/CE2007Labs-Students-17072019/CE2007-Students/Control" --include_path="C:/ti/ccsv7/tools/compiler/ti-cgt-arm_16.9.6.LTS/include" --advice:power=all --define=__MSP432P401R__ --define=ccs -g --gcc --diag_warning=225 --diag_wrap=off --display_error_number --abi=eabi --preproc_with_compile --preproc_dependency="Lab17_Control.d_raw"  "../Lab17_Control.c"
"../Lab17_Control.c", line 78: remark #1527-D: (ULP 2.1) Detected SW delay loop using empty loop. Recommend using a timer module instead
'Finished building: "../Lab17_Control.c"'
 
'Building file: "Y:/CE2007/CE2007Labs-Students-17072019/CE2007-Students/inc/Reflectance.c"'
'Invoking: MSP432 Compiler'
"C:/ti/ccsv7/tools/compiler/ti-cgt-arm_16.9.6.LTS/bin/armcl" -mv7M4 --code_state=16 --float_support=FPv4SPD16 -me --include_path="C:/ti/ccsv7/ccs_base/arm/include" --include_path="C:/ti/ccsv7/ccs_base/arm/include/CMSIS" --include_path="Y:/CE2007/CE2007Labs-Students-17072019/CE2007-Students/Control" --include_path="C:/ti/ccsv7/tools/compiler/ti-cgt-arm_16.9.6.LTS/include" --advice:power=all --define=__MSP432P401R__ --define=ccs -g --gcc --diag_warning=225 --diag_wrap=off --display_error_number --abi=eabi --preproc_with_compile --preproc_dependency="Reflectance.d_raw"  "Y:/CE2007/CE2007Labs-Students-17072019/CE2007-Students/inc/Reflectance.c"

>> Compilation failure
subdir_rules.mk:86: recipe for target 'Reflectance.obj' failed
"Y:/CE2007/CE2007Labs-Students-17072019/CE2007-Students/inc/Reflectance.c", line 133: remark #2623-D: (ULP 5.4) Detected an assignment to a type with size less than int. To avoid unnecessary sign extension, use int-sized types for local varaibles and convert to smaller types for static storage.
"Y:/CE2007/CE2007Labs-Students-17072019/CE2007-Students/inc/Reflectance.c", line 163: remark #2623-D: (ULP 5.4) Detected an assignment to a type with size less than int. To avoid unnecessary sign extension, use int-sized types for local varaibles and convert to smaller types for static storage.
"Y:/CE2007/CE2007Labs-Students-17072019/CE2007-Students/inc/Reflectance.c", line 178: warning #1238-D: excess initializers are ignored
"Y:/CE2007/CE2007Labs-Students-17072019/CE2007-Students/inc/Reflectance.c", line 180: error #256: type name is not allowed
"Y:/CE2007/CE2007Labs-Students-17072019/CE2007-Students/inc/Reflectance.c", line 180: error #66: expected a ";"
"Y:/CE2007/CE2007Labs-Students-17072019/CE2007-Students/inc/Reflectance.c", line 180: error #20: identifier "i" is undefined
"Y:/CE2007/CE2007Labs-Students-17072019/CE2007-Students/inc/Reflectance.c", line 183: remark #2623-D: (ULP 5.4) Detected an assignment to a type with size less than int. To avoid unnecessary sign extension, use int-sized types for local varaibles and convert to smaller types for static storage.
"Y:/CE2007/CE2007Labs-Students-17072019/CE2007-Students/inc/Reflectance.c", line 221: remark #2623-D: (ULP 5.4) Detected an assignment to a type with size less than int. To avoid unnecessary sign extension, use int-sized types for local varaibles and convert to smaller types for static storage.
3 errors detected in the compilation of "Y:/CE2007/CE2007Labs-Students-17072019/CE2007-Students/inc/Reflectance.c".
gmake: *** [Reflectance.obj] Error 1
'Building file: "Y:/CE2007/CE2007Labs-Students-17072019/CE2007-Students/inc/Motor.c"'
'Invoking: MSP432 Compiler'
"C:/ti/ccsv7/tools/compiler/ti-cgt-arm_16.9.6.LTS/bin/armcl" -mv7M4 --code_state=16 --float_support=FPv4SPD16 -me --include_path="C:/ti/ccsv7/ccs_base/arm/include" --include_path="C:/ti/ccsv7/ccs_base/arm/include/CMSIS" --include_path="Y:/CE2007/CE2007Labs-Students-17072019/CE2007-Students/Control" --include_path="C:/ti/ccsv7/tools/compiler/ti-cgt-arm_16.9.6.LTS/include" --advice:power=all --define=__MSP432P401R__ --define=ccs -g --gcc --diag_warning=225 --diag_wrap=off --display_error_number --abi=eabi --preproc_with_compile --preproc_dependency="Motor.d_raw"  "Y:/CE2007/CE2007Labs-Students-17072019/CE2007-Students/inc/Motor.c"
'Finished building: "Y:/CE2007/CE2007Labs-Students-17072019/CE2007-Students/inc/Motor.c"'
 
'Building file: "Y:/CE2007/CE2007Labs-Students-17072019/CE2007-Students/inc/TA3InputCapture.c"'
'Invoking: MSP432 Compiler'
"C:/ti/ccsv7/tools/compiler/ti-cgt-arm_16.9.6.LTS/bin/armcl" -mv7M4 --code_state=16 --float_support=FPv4SPD16 -me --include_path="C:/ti/ccsv7/ccs_base/arm/include" --include_path="C:/ti/ccsv7/ccs_base/arm/include/CMSIS" --include_path="Y:/CE2007/CE2007Labs-Students-17072019/CE2007-Students/Control" --include_path="C:/ti/ccsv7/tools/compiler/ti-cgt-arm_16.9.6.LTS/include" --advice:power=all --define=__MSP432P401R__ --define=ccs -g --gcc --diag_warning=225 --diag_wrap=off --display_error_number --abi=eabi --preproc_with_compile --preproc_dependency="TA3InputCapture.d_raw"  "Y:/CE2007/CE2007Labs-Students-17072019/CE2007-Students/inc/TA3InputCapture.c"

>> Compilation failure
subdir_rules.mk:100: recipe for target 'TA3InputCapture.obj' failed
"Y:/CE2007/CE2007Labs-Students-17072019/CE2007-Students/inc/TA3InputCapture.c", line 154: error #20: identifier "CaptureTask" is undefined
"Y:/CE2007/CE2007Labs-Students-17072019/CE2007-Students/inc/TA3InputCapture.c", line 162: error #20: identifier "CaptureTask" is undefined
2 errors detected in the compilation of "Y:/CE2007/CE2007Labs-Students-17072019/CE2007-Students/inc/TA3InputCapture.c".
gmake: *** [TA3InputCapture.obj] Error 1
'Building file: "Y:/CE2007/CE2007Labs-Students-17072019/CE2007-Students/inc/Nokia5110.c"'
'Invoking: MSP432 Compiler'
"C:/ti/ccsv7/tools/compiler/ti-cgt-arm_16.9.6.LTS/bin/armcl" -mv7M4 --code_state=16 --float_support=FPv4SPD16 -me --include_path="C:/ti/ccsv7/ccs_base/arm/include" --include_path="C:/ti/ccsv7/ccs_base/arm/include/CMSIS" --include_path="Y:/CE2007/CE2007Labs-Students-17072019/CE2007-Students/Control" --include_path="C:/ti/ccsv7/tools/compiler/ti-cgt-arm_16.9.6.LTS/include" --advice:power=all --define=__MSP432P401R__ --define=ccs -g --gcc --diag_warning=225 --diag_wrap=off --display_error_number --abi=eabi --preproc_with_compile --preproc_dependency="Nokia5110.d_raw"  "Y:/CE2007/CE2007Labs-Students-17072019/CE2007-Students/inc/Nokia5110.c"
"Y:/CE2007/CE2007Labs-Students-17072019/CE2007-Students/inc/Nokia5110.c", line 280: remark #1527-D: (ULP 2.1) Detected SW delay loop using empty loop. Recommend using a timer module instead
"Y:/CE2007/CE2007Labs-Students-17072019/CE2007-Students/inc/Nokia5110.c", line 357: remark #2623-D: (ULP 5.4) Detected an assignment to a type with size less than int. To avoid unnecessary sign extension, use int-sized types for local varaibles and convert to smaller types for static storage.
"Y:/CE2007/CE2007Labs-Students-17072019/CE2007-Students/inc/Nokia5110.c", line 362: remark #2623-D: (ULP 5.4) Detected an assignment to a type with size less than int. To avoid unnecessary sign extension, use int-sized types for local varaibles and convert to smaller types for static storage.
"Y:/CE2007/CE2007Labs-Students-17072019/CE2007-Students/inc/Nokia5110.c", line 450: remark #2623-D: (ULP 5.4) Detected an assignment to a type with size less than int. To avoid unnecessary sign extension, use int-sized types for local varaibles and convert to smaller types for static storage.
"Y:/CE2007/CE2007Labs-Students-17072019/CE2007-Students/inc/Nokia5110.c", line 451: remark #2623-D: (ULP 5.4) Detected an assignment to a type with size less than int. To avoid unnecessary sign extension, use int-sized types for local varaibles and convert to smaller types for static storage.
"Y:/CE2007/CE2007Labs-Students-17072019/CE2007-Students/inc/Nokia5110.c", line 452: remark #2623-D: (ULP 5.4) Detected an assignment to a type with size less than int. To avoid unnecessary sign extension, use int-sized types for local varaibles and convert to smaller types for static storage.
"Y:/CE2007/CE2007Labs-Students-17072019/CE2007-Students/inc/Nokia5110.c", line 453: remark #2623-D: (ULP 5.4) Detected an assignment to a type with size less than int. To avoid unnecessary sign extension, use int-sized types for local varaibles and convert to smaller types for static storage.
"Y:/CE2007/CE2007Labs-Students-17072019/CE2007-Students/inc/Nokia5110.c", line 462: remark #2623-D: (ULP 5.4) Detected an assignment to a type with size less than int. To avoid unnecessary sign extension, use int-sized types for local varaibles and convert to smaller types for static storage.
"Y:/CE2007/CE2007Labs-Students-17072019/CE2007-Students/inc/Nokia5110.c", line 469: remark #2623-D: (ULP 5.4) Detected an assignment to a type with size less than int. To avoid unnecessary sign extension, use int-sized types for local varaibles and convert to smaller types for static storage.
"Y:/CE2007/CE2007Labs-Students-17072019/CE2007-Students/inc/Nokia5110.c", line 473: remark #2623-D: (ULP 5.4) Detected an assignment to a type with size less than int. To avoid unnecessary sign extension, use int-sized types for local varaibles and convert to smaller types for static storage.
"Y:/CE2007/CE2007Labs-Students-17072019/CE2007-Students/inc/Nokia5110.c", line 476: remark #2623-D: (ULP 5.4) Detected an assignment to a type with size less than int. To avoid unnecessary sign extension, use int-sized types for local varaibles and convert to smaller types for static storage.
"Y:/CE2007/CE2007Labs-Students-17072019/CE2007-Students/inc/Nokia5110.c", line 478: remark #2623-D: (ULP 5.4) Detected an assignment to a type with size less than int. To avoid unnecessary sign extension, use int-sized types for local varaibles and convert to smaller types for static storage.
"Y:/CE2007/CE2007Labs-Students-17072019/CE2007-Students/inc/Nokia5110.c", line 496: remark #1543-D: (ULP 12.2) Detected for loop with repetitive data transfer. Recommend using DMA
'Finished building: "Y:/CE2007/CE2007Labs-Students-17072019/CE2007-Students/inc/Nokia5110.c"'
 
'Building file: "Y:/CE2007/CE2007Labs-Students-17072019/CE2007-Students/inc/PWM.c"'
'Invoking: MSP432 Compiler'
"C:/ti/ccsv7/tools/compiler/ti-cgt-arm_16.9.6.LTS/bin/armcl" -mv7M4 --code_state=16 --float_support=FPv4SPD16 -me --include_path="C:/ti/ccsv7/ccs_base/arm/include" --include_path="C:/ti/ccsv7/ccs_base/arm/include/CMSIS" --include_path="Y:/CE2007/CE2007Labs-Students-17072019/CE2007-Students/Control" --include_path="C:/ti/ccsv7/tools/compiler/ti-cgt-arm_16.9.6.LTS/include" --advice:power=all --define=__MSP432P401R__ --define=ccs -g --gcc --diag_warning=225 --diag_wrap=off --display_error_number --abi=eabi --preproc_with_compile --preproc_dependency="PWM.d_raw"  "Y:/CE2007/CE2007Labs-Students-17072019/CE2007-Students/inc/PWM.c"
'Finished building: "Y:/CE2007/CE2007Labs-Students-17072019/CE2007-Students/inc/PWM.c"'
 
'Building file: "Y:/CE2007/CE2007Labs-Students-17072019/CE2007-Students/inc/SysTickInts.c"'
'Invoking: MSP432 Compiler'
"C:/ti/ccsv7/tools/compiler/ti-cgt-arm_16.9.6.LTS/bin/armcl" -mv7M4 --code_state=16 --float_support=FPv4SPD16 -me --include_path="C:/ti/ccsv7/ccs_base/arm/include" --include_path="C:/ti/ccsv7/ccs_base/arm/include/CMSIS" --include_path="Y:/CE2007/CE2007Labs-Students-17072019/CE2007-Students/Control" --include_path="C:/ti/ccsv7/tools/compiler/ti-cgt-arm_16.9.6.LTS/include" --advice:power=all --define=__MSP432P401R__ --define=ccs -g --gcc --diag_warning=225 --diag_wrap=off --display_error_number --abi=eabi --preproc_with_compile --preproc_dependency="SysTickInts.d_raw"  "Y:/CE2007/CE2007Labs-Students-17072019/CE2007-Students/inc/SysTickInts.c"
'Finished building: "Y:/CE2007/CE2007Labs-Students-17072019/CE2007-Students/inc/SysTickInts.c"'
 
'Building file: "Y:/CE2007/CE2007Labs-Students-17072019/CE2007-Students/inc/TExaS.c"'
'Invoking: MSP432 Compiler'
"C:/ti/ccsv7/tools/compiler/ti-cgt-arm_16.9.6.LTS/bin/armcl" -mv7M4 --code_state=16 --float_support=FPv4SPD16 -me --include_path="C:/ti/ccsv7/ccs_base/arm/include" --include_path="C:/ti/ccsv7/ccs_base/arm/include/CMSIS" --include_path="Y:/CE2007/CE2007Labs-Students-17072019/CE2007-Students/Control" --include_path="C:/ti/ccsv7/tools/compiler/ti-cgt-arm_16.9.6.LTS/include" --advice:power=all --define=__MSP432P401R__ --define=ccs -g --gcc --diag_warning=225 --diag_wrap=off --display_error_number --abi=eabi --preproc_with_compile --preproc_dependency="TExaS.d_raw"  "Y:/CE2007/CE2007Labs-Students-17072019/CE2007-Students/inc/TExaS.c"
"Y:/CE2007/CE2007Labs-Students-17072019/CE2007-Students/inc/TExaS.c", line 121: remark #1527-D: (ULP 2.1) Detected SW delay loop using empty loop. Recommend using a timer module instead
"Y:/CE2007/CE2007Labs-Students-17072019/CE2007-Students/inc/TExaS.c", line 280: remark #1527-D: (ULP 2.1) Detected SW delay loop using empty loop. Recommend using a timer module instead
"Y:/CE2007/CE2007Labs-Students-17072019/CE2007-Students/inc/TExaS.c", line 289: remark #1527-D: (ULP 2.1) Detected SW delay loop using empty loop. Recommend using a timer module instead
"Y:/CE2007/CE2007Labs-Students-17072019/CE2007-Students/inc/TExaS.c", line 411: remark #1527-D: (ULP 2.1) Detected SW delay loop using empty loop. Recommend using a timer module instead
"Y:/CE2007/CE2007Labs-Students-17072019/CE2007-Students/inc/TExaS.c", line 453: remark #1527-D: (ULP 2.1) Detected SW delay loop using empty loop. Recommend using a timer module instead
'Finished building: "Y:/CE2007/CE2007Labs-Students-17072019/CE2007-Students/inc/TExaS.c"'
 
'Building file: "Y:/CE2007/CE2007Labs-Students-17072019/CE2007-Students/inc/TimerA1.c"'
'Invoking: MSP432 Compiler'
"C:/ti/ccsv7/tools/compiler/ti-cgt-arm_16.9.6.LTS/bin/armcl" -mv7M4 --code_state=16 --float_support=FPv4SPD16 -me --include_path="C:/ti/ccsv7/ccs_base/arm/include" --include_path="C:/ti/ccsv7/ccs_base/arm/include/CMSIS" --include_path="Y:/CE2007/CE2007Labs-Students-17072019/CE2007-Students/Control" --include_path="C:/ti/ccsv7/tools/compiler/ti-cgt-arm_16.9.6.LTS/include" --advice:power=all --define=__MSP432P401R__ --define=ccs -g --gcc --diag_warning=225 --diag_wrap=off --display_error_number --abi=eabi --preproc_with_compile --preproc_dependency="TimerA1.d_raw"  "Y:/CE2007/CE2007Labs-Students-17072019/CE2007-Students/inc/TimerA1.c"
'Finished building: "Y:/CE2007/CE2007Labs-Students-17072019/CE2007-Students/inc/TimerA1.c"'
 
'Building file: "../startup_msp432p401r_ccs.c"'
'Invoking: MSP432 Compiler'
"C:/ti/ccsv7/tools/compiler/ti-cgt-arm_16.9.6.LTS/bin/armcl" -mv7M4 --code_state=16 --float_support=FPv4SPD16 -me --include_path="C:/ti/ccsv7/ccs_base/arm/include" --include_path="C:/ti/ccsv7/ccs_base/arm/include/CMSIS" --include_path="Y:/CE2007/CE2007Labs-Students-17072019/CE2007-Students/Control" --include_path="C:/ti/ccsv7/tools/compiler/ti-cgt-arm_16.9.6.LTS/include" --advice:power=all --define=__MSP432P401R__ --define=ccs -g --gcc --diag_warning=225 --diag_wrap=off --display_error_number --abi=eabi --preproc_with_compile --preproc_dependency="startup_msp432p401r_ccs.d_raw"  "../startup_msp432p401r_ccs.c"
'Finished building: "../startup_msp432p401r_ccs.c"'
 
'Building file: "Y:/CE2007/CE2007Labs-Students-17072019/CE2007-Students/inc/Tachometer.c"'
'Invoking: MSP432 Compiler'
"C:/ti/ccsv7/tools/compiler/ti-cgt-arm_16.9.6.LTS/bin/armcl" -mv7M4 --code_state=16 --float_support=FPv4SPD16 -me --include_path="C:/ti/ccsv7/ccs_base/arm/include" --include_path="C:/ti/ccsv7/ccs_base/arm/include/CMSIS" --include_path="Y:/CE2007/CE2007Labs-Students-17072019/CE2007-Students/Control" --include_path="C:/ti/ccsv7/tools/compiler/ti-cgt-arm_16.9.6.LTS/include" --advice:power=all --define=__MSP432P401R__ --define=ccs -g --gcc --diag_warning=225 --diag_wrap=off --display_error_number --abi=eabi --preproc_with_compile --preproc_dependency="Tachometer.d_raw"  "Y:/CE2007/CE2007Labs-Students-17072019/CE2007-Students/inc/Tachometer.c"
'Finished building: "Y:/CE2007/CE2007Labs-Students-17072019/CE2007-Students/inc/Tachometer.c"'
 
'Building file: "../system_msp432p401r.c"'
'Invoking: MSP432 Compiler'
"C:/ti/ccsv7/tools/compiler/ti-cgt-arm_16.9.6.LTS/bin/armcl" -mv7M4 --code_state=16 --float_support=FPv4SPD16 -me --include_path="C:/ti/ccsv7/ccs_base/arm/include" --include_path="C:/ti/ccsv7/ccs_base/arm/include/CMSIS" --include_path="Y:/CE2007/CE2007Labs-Students-17072019/CE2007-Students/Control" --include_path="C:/ti/ccsv7/tools/compiler/ti-cgt-arm_16.9.6.LTS/include" --advice:power=all --define=__MSP432P401R__ --define=ccs -g --gcc --diag_warning=225 --diag_wrap=off --display_error_number --abi=eabi --preproc_with_compile --preproc_dependency="system_msp432p401r.d_raw"  "../system_msp432p401r.c"
"../system_msp432p401r.c", line 112: remark #2623-D: (ULP 5.4) Detected an assignment to a type with size less than int. To avoid unnecessary sign extension, use int-sized types for local varaibles and convert to smaller types for static storage.
"../system_msp432p401r.c", line 160: remark #2623-D: (ULP 5.4) Detected an assignment to a type with size less than int. To avoid unnecessary sign extension, use int-sized types for local varaibles and convert to smaller types for static storage.
"../system_msp432p401r.c", line 193: remark #2623-D: (ULP 5.4) Detected an assignment to a type with size less than int. To avoid unnecessary sign extension, use int-sized types for local varaibles and convert to smaller types for static storage.
'Finished building: "../system_msp432p401r.c"'
 
'Building file: "Y:/CE2007/CE2007Labs-Students-17072019/CE2007-Students/inc/UART0.c"'
'Invoking: MSP432 Compiler'
"C:/ti/ccsv7/tools/compiler/ti-cgt-arm_16.9.6.LTS/bin/armcl" -mv7M4 --code_state=16 --float_support=FPv4SPD16 -me --include_path="C:/ti/ccsv7/ccs_base/arm/include" --include_path="C:/ti/ccsv7/ccs_base/arm/include/CMSIS" --include_path="Y:/CE2007/CE2007Labs-Students-17072019/CE2007-Students/Control" --include_path="C:/ti/ccsv7/tools/compiler/ti-cgt-arm_16.9.6.LTS/include" --advice:power=all --define=__MSP432P401R__ --define=ccs -g --gcc --diag_warning=225 --diag_wrap=off --display_error_number --abi=eabi --preproc_with_compile --preproc_dependency="UART0.d_raw"  "Y:/CE2007/CE2007Labs-Students-17072019/CE2007-Students/inc/UART0.c"
"Y:/CE2007/CE2007Labs-Students-17072019/CE2007-Students/inc/UART0.c", line 91: remark #1527-D: (ULP 2.1) Detected SW delay loop using empty loop. Recommend using a timer module instead
"Y:/CE2007/CE2007Labs-Students-17072019/CE2007-Students/inc/UART0.c", line 100: remark #1527-D: (ULP 2.1) Detected SW delay loop using empty loop. Recommend using a timer module instead
'Finished building: "Y:/CE2007/CE2007Labs-Students-17072019/CE2007-Students/inc/UART0.c"'
 
gmake: Target 'all' not remade because of errors.

**** Build Finished ****
